---
driver=<class 'textual.drivers.linux_driver.LinuxDriver'>
Load() >>> TiptopApp(title='Textual')
Mount() >>> TiptopApp(title='Textual Application')
Mount() >>> DockView(name='DockView#1')
Mount() >>> View(name='View#1')
Mount() >>> InfoLine(name='InfoLine#1')
Mount() >>> CPU(name='CPU#1')
Mount() >>> Battery(name='Battery#1')
Mount() >>> Mem(name='Mem#1')
Mount() >>> Net(name='Net#1')
Mount() >>> ProcsList(name='ProcsList#1')
CLOSED CPU(name='CPU#1')
CLOSED Mem(name='Mem#1')
CLOSED TiptopApp(title='Textual Application')
PROCESS END
CLOSED Net(name='Net#1')
CLOSED DockView(name='DockView#1')
CLOSED ProcsList(name='ProcsList#1')
CLOSED InfoLine(name='InfoLine#1')
CLOSED Battery(name='Battery#1')
